<?xml version="1.0" encoding="UTF-8"?>
<testng-results skipped="0" failed="0" total="1" passed="1">
  <reporter-output>
  </reporter-output>
  <suite name="Default suite" duration-ms="39381" started-at="2017-09-15T20:28:15Z" finished-at="2017-09-15T20:28:55Z">
    <groups>
    </groups>
    <test name="Default test" duration-ms="39381" started-at="2017-09-15T20:28:15Z" finished-at="2017-09-15T20:28:55Z">
      <class name="com.acc.test.SimpleProject.DemoQATest">
        <test-method status="PASS" signature="beforeClass()[pri:0, instance:com.acc.test.SimpleProject.DemoQATest@1d057a39]" name="beforeClass" is-config="true" duration-ms="11867" started-at="2017-09-15T15:28:15Z" finished-at="2017-09-15T15:28:27Z">
          <reporter-output>
          </reporter-output>
        </test-method> <!-- beforeClass -->
        <test-method status="PASS" signature="testRegistrationForm()[pri:0, instance:com.acc.test.SimpleProject.DemoQATest@1d057a39]" name="testRegistrationForm" duration-ms="27490" started-at="2017-09-15T15:28:27Z" finished-at="2017-09-15T15:28:55Z">
          <reporter-output>
          </reporter-output>
        </test-method> <!-- testRegistrationForm -->
        <test-method status="PASS" signature="afterClass()[pri:0, instance:com.acc.test.SimpleProject.DemoQATest@1d057a39]" name="afterClass" is-config="true" duration-ms="1" started-at="2017-09-15T15:28:55Z" finished-at="2017-09-15T15:28:55Z">
          <reporter-output>
          </reporter-output>
        </test-method> <!-- afterClass -->
      </class> <!-- com.acc.test.SimpleProject.DemoQATest -->
    </test> <!-- Default test -->
  </suite> <!-- Default suite -->
</testng-results>
